app/build/intermediates/manifest_merge_blame_file/debug/processDebugMainManifest/manifest-merger-blame-debug-report.txt
1<?xml version="1.0" encoding="utf-8"?>
2<manifest xmlns:android="http://schemas.android.com/apk/res/android"
3    package="com.example.foodorderingapp"
4    android:versionCode="1"
5    android:versionName="1.0" >
6
7    <uses-sdk
8        android:minSdkVersion="24"
9        android:targetSdkVersion="34" />
10
11    <uses-permission android:name="android.permission.INTERNET" />
11-->src\main\AndroidManifest.xml:5:5-67
11-->src\main\AndroidManifest.xml:5:22-64
12    <uses-permission android:name="android.permission.ACCESS_NETWORK_STATE" />
12-->src\main\AndroidManifest.xml:6:5-79
12-->src\main\AndroidManifest.xml:6:22-76
13    <uses-permission android:name="android.permission.ACCESS_WIFI_STATE" />
13-->src\main\AndroidManifest.xml:7:5-76
13-->src\main\AndroidManifest.xml:7:22-73
14    <uses-permission android:name="android.permission.READ_INTERNAL_STORAGE" />
14-->src\main\AndroidManifest.xml:8:5-80
14-->src\main\AndroidManifest.xml:8:22-77
15    <uses-permission android:name="android.permission.READ_EXTERNAL_STORAGE" />
15-->src\main\AndroidManifest.xml:9:5-80
15-->src\main\AndroidManifest.xml:9:22-77
16    <uses-permission android:name="android.permission.ACCESS_FINE_LOCATION" />
16-->src\main\AndroidManifest.xml:10:5-79
16-->src\main\AndroidManifest.xml:10:22-76
17    <uses-permission android:name="android.permission.ACCESS_COARSE_LOCATION" />
17-->src\main\AndroidManifest.xml:11:5-81
17-->src\main\AndroidManifest.xml:11:22-78
18
19    <uses-feature
19-->[com.google.android.gms:play-services-maps:18.2.0] AndroidManifest.xml:26:5-28:35
20        android:glEsVersion="0x00020000"
20-->[com.google.android.gms:play-services-maps:18.2.0] AndroidManifest.xml:27:9-41
21        android:required="true" />
21-->[com.google.android.gms:play-services-maps:18.2.0] AndroidManifest.xml:28:9-32
22
23    <queries>
23-->[com.google.android.gms:play-services-maps:18.2.0] AndroidManifest.xml:30:5-34:15
24
25        <!-- Needs to be explicitly declared on Android R+ -->
26        <package android:name="com.google.android.apps.maps" />
26-->[com.google.android.gms:play-services-maps:18.2.0] AndroidManifest.xml:33:9-64
26-->[com.google.android.gms:play-services-maps:18.2.0] AndroidManifest.xml:33:18-61
27    </queries>
28
29    <uses-permission android:name="android.permission.POST_NOTIFICATIONS" />
29-->[com.google.firebase:firebase-messaging:23.4.1] AndroidManifest.xml:23:5-77
29-->[com.google.firebase:firebase-messaging:23.4.1] AndroidManifest.xml:23:22-74
30    <uses-permission android:name="android.permission.WAKE_LOCK" /> <!-- Required by older versions of Google Play services to create IID tokens -->
30-->[com.google.firebase:firebase-messaging:23.4.1] AndroidManifest.xml:24:5-68
30-->[com.google.firebase:firebase-messaging:23.4.1] AndroidManifest.xml:24:22-65
31    <uses-permission android:name="com.google.android.c2dm.permission.RECEIVE" />
31-->[com.google.firebase:firebase-messaging:23.4.1] AndroidManifest.xml:26:5-82
31-->[com.google.firebase:firebase-messaging:23.4.1] AndroidManifest.xml:26:22-79
32    <uses-permission android:name="com.google.android.gms.permission.AD_ID" />
32-->[com.google.android.gms:play-services-measurement-api:21.6.2] AndroidManifest.xml:25:5-79
32-->[com.google.android.gms:play-services-measurement-api:21.6.2] AndroidManifest.xml:25:22-76
33    <uses-permission android:name="android.permission.ACCESS_ADSERVICES_ATTRIBUTION" />
33-->[com.google.android.gms:play-services-measurement-api:21.6.2] AndroidManifest.xml:26:5-88
33-->[com.google.android.gms:play-services-measurement-api:21.6.2] AndroidManifest.xml:26:22-85
34    <uses-permission android:name="android.permission.ACCESS_ADSERVICES_AD_ID" />
34-->[com.google.android.gms:play-services-measurement-api:21.6.2] AndroidManifest.xml:27:5-82
34-->[com.google.android.gms:play-services-measurement-api:21.6.2] AndroidManifest.xml:27:22-79
35    <uses-permission android:name="com.google.android.finsky.permission.BIND_GET_INSTALL_REFERRER_SERVICE" />
35-->[com.google.android.gms:play-services-measurement:21.6.2] AndroidManifest.xml:26:5-110
35-->[com.google.android.gms:play-services-measurement:21.6.2] AndroidManifest.xml:26:22-107
36    <uses-permission android:name="com.google.android.providers.gsf.permission.READ_GSERVICES" />
36-->[com.google.android.recaptcha:recaptcha:18.4.0] AndroidManifest.xml:9:5-98
36-->[com.google.android.recaptcha:recaptcha:18.4.0] AndroidManifest.xml:9:22-95
37
38    <permission
38-->[androidx.core:core:1.13.0-alpha01] AndroidManifest.xml:22:5-24:47
39        android:name="com.example.foodorderingapp.DYNAMIC_RECEIVER_NOT_EXPORTED_PERMISSION"
39-->[androidx.core:core:1.13.0-alpha01] AndroidManifest.xml:23:9-81
40        android:protectionLevel="signature" />
40-->[androidx.core:core:1.13.0-alpha01] AndroidManifest.xml:24:9-44
41
42    <uses-permission android:name="com.example.foodorderingapp.DYNAMIC_RECEIVER_NOT_EXPORTED_PERMISSION" />
42-->[androidx.core:core:1.13.0-alpha01] AndroidManifest.xml:26:5-97
42-->[androidx.core:core:1.13.0-alpha01] AndroidManifest.xml:26:22-94
43
44    <application
44-->src\main\AndroidManifest.xml:13:5-134:19
45        android:allowBackup="true"
45-->src\main\AndroidManifest.xml:14:9-35
46        android:appComponentFactory="androidx.core.app.CoreComponentFactory"
46-->[androidx.core:core:1.13.0-alpha01] AndroidManifest.xml:28:18-86
47        android:dataExtractionRules="@xml/data_extraction_rules"
47-->src\main\AndroidManifest.xml:15:9-65
48        android:debuggable="true"
49        android:extractNativeLibs="false"
50        android:fullBackupContent="@xml/backup_rules"
50-->src\main\AndroidManifest.xml:16:9-54
51        android:icon="@mipmap/ic_launcher"
51-->src\main\AndroidManifest.xml:17:9-43
52        android:label="@string/app_name"
52-->src\main\AndroidManifest.xml:18:9-41
53        android:roundIcon="@mipmap/ic_launcher_round"
53-->src\main\AndroidManifest.xml:19:9-54
54        android:supportsRtl="true"
54-->src\main\AndroidManifest.xml:20:9-35
55        android:testOnly="true"
56        android:theme="@style/Theme.FoodOrderingApp" >
56-->src\main\AndroidManifest.xml:21:9-53
57        <activity
57-->src\main\AndroidManifest.xml:23:9-25:39
58            android:name="com.example.foodorderingapp.ui.activityfragment.customer.SelectLocation"
58-->src\main\AndroidManifest.xml:24:13-72
59            android:exported="true" />
59-->src\main\AndroidManifest.xml:25:13-36
60        <activity
60-->src\main\AndroidManifest.xml:26:9-28:39
61            android:name="com.example.foodorderingapp.data.repository.order.resultTestActivity"
61-->src\main\AndroidManifest.xml:27:13-69
62            android:exported="true" />
62-->src\main\AndroidManifest.xml:28:13-36
63        <activity
63-->src\main\AndroidManifest.xml:29:9-31:39
64            android:name="com.example.foodorderingapp.data.repository.refund.uploadImageActivity"
64-->src\main\AndroidManifest.xml:30:13-71
65            android:exported="true" />
65-->src\main\AndroidManifest.xml:31:13-36
66        <activity
66-->src\main\AndroidManifest.xml:32:9-34:39
67            android:name="com.example.foodorderingapp.ui.activityfragment.admin.AdminMainActivity"
67-->src\main\AndroidManifest.xml:33:13-72
68            android:exported="true" />
68-->src\main\AndroidManifest.xml:34:13-36
69        <activity
69-->src\main\AndroidManifest.xml:35:9-37:39
70            android:name="com.example.foodorderingapp.ui.activityfragment.admin.activity_adminOrderDetail"
70-->src\main\AndroidManifest.xml:36:13-80
71            android:exported="true" />
71-->src\main\AndroidManifest.xml:37:13-36
72        <activity
72-->src\main\AndroidManifest.xml:38:9-40:39
73            android:name="com.example.foodorderingapp.ui.activityfragment.authentication.activity_verifyOTP"
73-->src\main\AndroidManifest.xml:39:13-82
74            android:exported="true" />
74-->src\main\AndroidManifest.xml:40:13-36
75        <activity
75-->src\main\AndroidManifest.xml:41:9-43:39
76            android:name="com.example.foodorderingapp.ui.activityfragment.authentication.activity_setpassword"
76-->src\main\AndroidManifest.xml:42:13-84
77            android:exported="true" />
77-->src\main\AndroidManifest.xml:43:13-36
78        <activity
78-->src\main\AndroidManifest.xml:44:9-46:39
79            android:name="com.example.foodorderingapp.ui.activityfragment.authentication.activity_forgetpassword"
79-->src\main\AndroidManifest.xml:45:13-87
80            android:exported="true" />
80-->src\main\AndroidManifest.xml:46:13-36
81        <activity
81-->src\main\AndroidManifest.xml:47:9-49:39
82            android:name="com.example.foodorderingapp.ui.activityfragment.authentication.activity_signup"
82-->src\main\AndroidManifest.xml:48:13-79
83            android:exported="true" />
83-->src\main\AndroidManifest.xml:49:13-36
84        <activity
84-->src\main\AndroidManifest.xml:50:9-52:39
85            android:name="com.example.foodorderingapp.ui.activityfragment.authentication.activity_login"
85-->src\main\AndroidManifest.xml:51:13-78
86            android:exported="true" />
86-->src\main\AndroidManifest.xml:52:13-36
87        <activity
87-->src\main\AndroidManifest.xml:53:9-55:39
88            android:name="com.example.foodorderingapp.ui.activityfragment.customer.accountmanagement.am_feedback_product"
88-->src\main\AndroidManifest.xml:54:13-95
89            android:exported="true" />
89-->src\main\AndroidManifest.xml:55:13-36
90        <activity
90-->src\main\AndroidManifest.xml:56:9-58:39
91            android:name="com.example.foodorderingapp.ui.activityfragment.customer.accountmanagement.am_feedback_list"
91-->src\main\AndroidManifest.xml:57:13-92
92            android:exported="true" />
92-->src\main\AndroidManifest.xml:58:13-36
93        <activity
93-->src\main\AndroidManifest.xml:59:9-61:39
94            android:name="com.example.foodorderingapp.ui.activityfragment.customer.accountmanagement.am_order_detail"
94-->src\main\AndroidManifest.xml:60:13-91
95            android:exported="true" />
95-->src\main\AndroidManifest.xml:61:13-36
96        <activity
96-->src\main\AndroidManifest.xml:62:9-64:39
97            android:name="com.example.foodorderingapp.ui.activityfragment.customer.accountmanagement.am_my_orders"
97-->src\main\AndroidManifest.xml:63:13-88
98            android:exported="true" />
98-->src\main\AndroidManifest.xml:64:13-36
99        <activity
99-->src\main\AndroidManifest.xml:65:9-67:39
100            android:name="com.example.foodorderingapp.ui.activityfragment.customer.accountmanagement.am_point_history"
100-->src\main\AndroidManifest.xml:66:13-92
101            android:exported="true" />
101-->src\main\AndroidManifest.xml:67:13-36
102        <activity
102-->src\main\AndroidManifest.xml:68:9-70:39
103            android:name="com.example.foodorderingapp.ui.activityfragment.customer.accountmanagement.am_change_userinfo"
103-->src\main\AndroidManifest.xml:69:13-94
104            android:exported="true" />
104-->src\main\AndroidManifest.xml:70:13-36
105        <activity
105-->src\main\AndroidManifest.xml:71:9-73:39
106            android:name="com.example.foodorderingapp.ui.activityfragment.customer.accountmanagement.am_change_password"
106-->src\main\AndroidManifest.xml:72:13-94
107            android:exported="true" />
107-->src\main\AndroidManifest.xml:73:13-36
108        <activity
108-->src\main\AndroidManifest.xml:74:9-76:39
109            android:name="com.example.foodorderingapp.ui.activityfragment.customer.accountmanagement.am_user_info"
109-->src\main\AndroidManifest.xml:75:13-88
110            android:exported="true" />
110-->src\main\AndroidManifest.xml:76:13-36
111        <activity
111-->src\main\AndroidManifest.xml:77:9-85:20
112            android:name="com.example.foodorderingapp.ui.activityfragment.customer.MainActivity"
112-->src\main\AndroidManifest.xml:78:13-70
113            android:exported="true" >
113-->src\main\AndroidManifest.xml:79:13-36
114            <intent-filter>
114-->src\main\AndroidManifest.xml:80:13-84:29
115                <action android:name="android.intent.action.MAIN" />
115-->src\main\AndroidManifest.xml:81:17-69
115-->src\main\AndroidManifest.xml:81:25-66
116
117                <category android:name="android.intent.category.LAUNCHER" />
117-->src\main\AndroidManifest.xml:83:17-77
117-->src\main\AndroidManifest.xml:83:27-74
118            </intent-filter>
119        </activity> <!-- START: CART - CHECKOUT - PAYMENT -->
120        <activity
120-->src\main\AndroidManifest.xml:86:9-88:39
121            android:name="com.example.foodorderingapp.ui.activityfragment.customer.checkout.BuySuccessActivity"
121-->src\main\AndroidManifest.xml:87:13-85
122            android:exported="true" />
122-->src\main\AndroidManifest.xml:88:13-36
123        <activity
123-->src\main\AndroidManifest.xml:89:9-91:39
124            android:name="com.example.foodorderingapp.ui.activityfragment.customer.checkout.CheckoutActivity"
124-->src\main\AndroidManifest.xml:90:13-83
125            android:exported="true" />
125-->src\main\AndroidManifest.xml:91:13-36
126        <activity
126-->src\main\AndroidManifest.xml:92:9-94:39
127            android:name="com.example.foodorderingapp.ui.activityfragment.customer.checkout.CheckoutAddressActivity"
127-->src\main\AndroidManifest.xml:93:13-90
128            android:exported="true" />
128-->src\main\AndroidManifest.xml:94:13-36
129        <activity
129-->src\main\AndroidManifest.xml:95:9-97:39
130            android:name="com.example.foodorderingapp.ui.activityfragment.customer.checkout.CouponActivity"
130-->src\main\AndroidManifest.xml:96:13-81
131            android:exported="true" />
131-->src\main\AndroidManifest.xml:97:13-36
132        <activity
132-->src\main\AndroidManifest.xml:98:9-100:48
133            android:name="com.example.foodorderingapp.ui.activityfragment.customer.checkout.PaymentMethodActivity"
133-->src\main\AndroidManifest.xml:99:13-88
134            android:exported="true" /> <!-- END: CART - CHECKOUT - PAYMENT -->
134-->src\main\AndroidManifest.xml:100:13-36
135        <!-- START: REFUND -->
136        <activity
136-->src\main\AndroidManifest.xml:102:9-104:48
137            android:name="com.example.foodorderingapp.ui.activityfragment.customer.refund.AddRefundProductActivity"
137-->src\main\AndroidManifest.xml:103:13-89
138            android:exported="true" />
138-->src\main\AndroidManifest.xml:104:13-36
139        <activity
139-->src\main\AndroidManifest.xml:105:9-107:48
140            android:name="com.example.foodorderingapp.ui.activityfragment.customer.refund.RefundRequestActivity"
140-->src\main\AndroidManifest.xml:106:13-86
141            android:exported="true" />
141-->src\main\AndroidManifest.xml:107:13-36
142        <activity
142-->src\main\AndroidManifest.xml:108:9-110:48
143            android:name="com.example.foodorderingapp.ui.activityfragment.admin.refund.RefundProgressActivity"
143-->src\main\AndroidManifest.xml:109:13-84
144            android:exported="true" /> <!-- END: REFUND -->
144-->src\main\AndroidManifest.xml:110:13-36
145        <!-- START: ACCOUNT -->
146        <activity
146-->src\main\AndroidManifest.xml:112:9-114:48
147            android:name="com.example.foodorderingapp.ui.activityfragment.customer.accountmanagement.AM_AddressActivity"
147-->src\main\AndroidManifest.xml:113:13-94
148            android:exported="true" />
148-->src\main\AndroidManifest.xml:114:13-36
149        <activity
149-->src\main\AndroidManifest.xml:115:9-117:48
150            android:name="com.example.foodorderingapp.ui.activityfragment.customer.accountmanagement.AM_AddAddressActivity"
150-->src\main\AndroidManifest.xml:116:13-97
151            android:exported="true" /> <!-- START: ACCOUNT -->
151-->src\main\AndroidManifest.xml:117:13-36
152        <!-- START: SEARCH -->
153        <activity
153-->src\main\AndroidManifest.xml:119:9-121:48
154            android:name="com.example.foodorderingapp.ui.activityfragment.customer.search.SearchActivity"
154-->src\main\AndroidManifest.xml:120:13-79
155            android:exported="true" /> <!-- END: SEARCH -->
155-->src\main\AndroidManifest.xml:121:13-36
156        <!-- START: PRODUCT DETAIL -->
157        <activity
157-->src\main\AndroidManifest.xml:123:9-125:48
158            android:name="com.example.foodorderingapp.ui.activityfragment.customer.productdetail.ProductDetailCakeActivity"
158-->src\main\AndroidManifest.xml:124:13-97
159            android:exported="true" /> <!-- END: PRODUCT DETAIL -->
159-->src\main\AndroidManifest.xml:125:13-36
160        <!-- START: PRODUCT DETAIL -->
161        <activity
161-->src\main\AndroidManifest.xml:127:9-129:48
162            android:name="com.example.foodorderingapp.ui.activityfragment.customer.productdetail.ProductDetailDrinkActivity"
162-->src\main\AndroidManifest.xml:128:13-98
163            android:exported="true" /> <!-- END: PRODUCT DETAIL -->
163-->src\main\AndroidManifest.xml:129:13-36
164        <!-- START: Google Map -->
165        <meta-data
165-->src\main\AndroidManifest.xml:131:9-133:71
166            android:name="com.google.android.geo.API_KEY"
166-->src\main\AndroidManifest.xml:132:13-58
167            android:value="AIzaSyDGGyK8delYa1bpENd_3lC-2yBiRaoRtFM" />
167-->src\main\AndroidManifest.xml:133:13-68
168        <!-- Needs to be explicitly declared on P+ -->
169        <uses-library
169-->[com.google.android.gms:play-services-maps:18.2.0] AndroidManifest.xml:39:9-41:40
170            android:name="org.apache.http.legacy"
170-->[com.google.android.gms:play-services-maps:18.2.0] AndroidManifest.xml:40:13-50
171            android:required="false" />
171-->[com.google.android.gms:play-services-maps:18.2.0] AndroidManifest.xml:41:13-37
172
173        <activity
173-->[com.google.firebase:firebase-auth:22.3.1] AndroidManifest.xml:29:9-46:20
174            android:name="com.google.firebase.auth.internal.GenericIdpActivity"
174-->[com.google.firebase:firebase-auth:22.3.1] AndroidManifest.xml:30:13-80
175            android:excludeFromRecents="true"
175-->[com.google.firebase:firebase-auth:22.3.1] AndroidManifest.xml:31:13-46
176            android:exported="true"
176-->[com.google.firebase:firebase-auth:22.3.1] AndroidManifest.xml:32:13-36
177            android:launchMode="singleTask"
177-->[com.google.firebase:firebase-auth:22.3.1] AndroidManifest.xml:33:13-44
178            android:theme="@android:style/Theme.Translucent.NoTitleBar" >
178-->[com.google.firebase:firebase-auth:22.3.1] AndroidManifest.xml:34:13-72
179            <intent-filter>
179-->[com.google.firebase:firebase-auth:22.3.1] AndroidManifest.xml:35:13-45:29
180                <action android:name="android.intent.action.VIEW" />
180-->[com.google.firebase:firebase-auth:22.3.1] AndroidManifest.xml:36:17-69
180-->[com.google.firebase:firebase-auth:22.3.1] AndroidManifest.xml:36:25-66
181
182                <category android:name="android.intent.category.DEFAULT" />
182-->[com.google.firebase:firebase-auth:22.3.1] AndroidManifest.xml:38:17-76
182-->[com.google.firebase:firebase-auth:22.3.1] AndroidManifest.xml:38:27-73
183                <category android:name="android.intent.category.BROWSABLE" />
183-->[com.google.firebase:firebase-auth:22.3.1] AndroidManifest.xml:39:17-78
183-->[com.google.firebase:firebase-auth:22.3.1] AndroidManifest.xml:39:27-75
184
185                <data
185-->[com.google.firebase:firebase-auth:22.3.1] AndroidManifest.xml:41:17-44:51
186                    android:host="firebase.auth"
186-->[com.google.firebase:firebase-auth:22.3.1] AndroidManifest.xml:42:21-49
187                    android:path="/"
187-->[com.google.firebase:firebase-auth:22.3.1] AndroidManifest.xml:43:21-37
188                    android:scheme="genericidp" />
188-->[com.google.firebase:firebase-auth:22.3.1] AndroidManifest.xml:44:21-48
189            </intent-filter>
190        </activity>
191        <activity
191-->[com.google.firebase:firebase-auth:22.3.1] AndroidManifest.xml:47:9-64:20
192            android:name="com.google.firebase.auth.internal.RecaptchaActivity"
192-->[com.google.firebase:firebase-auth:22.3.1] AndroidManifest.xml:48:13-79
193            android:excludeFromRecents="true"
193-->[com.google.firebase:firebase-auth:22.3.1] AndroidManifest.xml:49:13-46
194            android:exported="true"
194-->[com.google.firebase:firebase-auth:22.3.1] AndroidManifest.xml:50:13-36
195            android:launchMode="singleTask"
195-->[com.google.firebase:firebase-auth:22.3.1] AndroidManifest.xml:51:13-44
196            android:theme="@android:style/Theme.Translucent.NoTitleBar" >
196-->[com.google.firebase:firebase-auth:22.3.1] AndroidManifest.xml:52:13-72
197            <intent-filter>
197-->[com.google.firebase:firebase-auth:22.3.1] AndroidManifest.xml:53:13-63:29
198                <action android:name="android.intent.action.VIEW" />
198-->[com.google.firebase:firebase-auth:22.3.1] AndroidManifest.xml:36:17-69
198-->[com.google.firebase:firebase-auth:22.3.1] AndroidManifest.xml:36:25-66
199
200                <category android:name="android.intent.category.DEFAULT" />
200-->[com.google.firebase:firebase-auth:22.3.1] AndroidManifest.xml:38:17-76
200-->[com.google.firebase:firebase-auth:22.3.1] AndroidManifest.xml:38:27-73
201                <category android:name="android.intent.category.BROWSABLE" />
201-->[com.google.firebase:firebase-auth:22.3.1] AndroidManifest.xml:39:17-78
201-->[com.google.firebase:firebase-auth:22.3.1] AndroidManifest.xml:39:27-75
202
203                <data
203-->[com.google.firebase:firebase-auth:22.3.1] AndroidManifest.xml:41:17-44:51
204                    android:host="firebase.auth"
204-->[com.google.firebase:firebase-auth:22.3.1] AndroidManifest.xml:42:21-49
205                    android:path="/"
205-->[com.google.firebase:firebase-auth:22.3.1] AndroidManifest.xml:43:21-37
206                    android:scheme="recaptcha" />
206-->[com.google.firebase:firebase-auth:22.3.1] AndroidManifest.xml:44:21-48
207            </intent-filter>
208        </activity>
209
210        <service
210-->[com.google.firebase:firebase-auth:22.3.1] AndroidManifest.xml:66:9-72:19
211            android:name="com.google.firebase.components.ComponentDiscoveryService"
211-->[com.google.firebase:firebase-auth:22.3.1] AndroidManifest.xml:67:13-84
212            android:directBootAware="true"
212-->[com.google.firebase:firebase-common:20.4.3] AndroidManifest.xml:32:13-43
213            android:exported="false" >
213-->[com.google.firebase:firebase-auth:22.3.1] AndroidManifest.xml:68:13-37
214            <meta-data
214-->[com.google.firebase:firebase-auth:22.3.1] AndroidManifest.xml:69:13-71:85
215                android:name="com.google.firebase.components:com.google.firebase.auth.FirebaseAuthRegistrar"
215-->[com.google.firebase:firebase-auth:22.3.1] AndroidManifest.xml:70:17-109
216                android:value="com.google.firebase.components.ComponentRegistrar" />
216-->[com.google.firebase:firebase-auth:22.3.1] AndroidManifest.xml:71:17-82
217            <meta-data
217-->[com.google.firebase:firebase-firestore:24.11.1] AndroidManifest.xml:17:13-19:85
218                android:name="com.google.firebase.components:com.google.firebase.firestore.FirebaseFirestoreKtxRegistrar"
218-->[com.google.firebase:firebase-firestore:24.11.1] AndroidManifest.xml:18:17-122
219                android:value="com.google.firebase.components.ComponentRegistrar" />
219-->[com.google.firebase:firebase-firestore:24.11.1] AndroidManifest.xml:19:17-82
220            <meta-data
220-->[com.google.firebase:firebase-firestore:24.11.1] AndroidManifest.xml:20:13-22:85
221                android:name="com.google.firebase.components:com.google.firebase.firestore.FirestoreRegistrar"
221-->[com.google.firebase:firebase-firestore:24.11.1] AndroidManifest.xml:21:17-111
222                android:value="com.google.firebase.components.ComponentRegistrar" />
222-->[com.google.firebase:firebase-firestore:24.11.1] AndroidManifest.xml:22:17-82
223            <meta-data
223-->[com.google.firebase:firebase-messaging:23.4.1] AndroidManifest.xml:57:13-59:85
224                android:name="com.google.firebase.components:com.google.firebase.messaging.FirebaseMessagingKtxRegistrar"
224-->[com.google.firebase:firebase-messaging:23.4.1] AndroidManifest.xml:58:17-122
225                android:value="com.google.firebase.components.ComponentRegistrar" />
225-->[com.google.firebase:firebase-messaging:23.4.1] AndroidManifest.xml:59:17-82
226            <meta-data
226-->[com.google.firebase:firebase-messaging:23.4.1] AndroidManifest.xml:60:13-62:85
227                android:name="com.google.firebase.components:com.google.firebase.messaging.FirebaseMessagingRegistrar"
227-->[com.google.firebase:firebase-messaging:23.4.1] AndroidManifest.xml:61:17-119
228                android:value="com.google.firebase.components.ComponentRegistrar" />
228-->[com.google.firebase:firebase-messaging:23.4.1] AndroidManifest.xml:62:17-82
229            <meta-data
229-->[com.google.firebase:firebase-storage:20.3.0] AndroidManifest.xml:30:13-32:85
230                android:name="com.google.firebase.components:com.google.firebase.storage.FirebaseStorageKtxRegistrar"
230-->[com.google.firebase:firebase-storage:20.3.0] AndroidManifest.xml:31:17-118
231                android:value="com.google.firebase.components.ComponentRegistrar" />
231-->[com.google.firebase:firebase-storage:20.3.0] AndroidManifest.xml:32:17-82
232            <meta-data
232-->[com.google.firebase:firebase-storage:20.3.0] AndroidManifest.xml:33:13-35:85
233                android:name="com.google.firebase.components:com.google.firebase.storage.StorageRegistrar"
233-->[com.google.firebase:firebase-storage:20.3.0] AndroidManifest.xml:34:17-107
234                android:value="com.google.firebase.components.ComponentRegistrar" />
234-->[com.google.firebase:firebase-storage:20.3.0] AndroidManifest.xml:35:17-82
235            <meta-data
235-->[com.google.firebase:firebase-appcheck:17.1.2] AndroidManifest.xml:25:13-27:85
236                android:name="com.google.firebase.components:com.google.firebase.appcheck.FirebaseAppCheckKtxRegistrar"
236-->[com.google.firebase:firebase-appcheck:17.1.2] AndroidManifest.xml:26:17-120
237                android:value="com.google.firebase.components.ComponentRegistrar" />
237-->[com.google.firebase:firebase-appcheck:17.1.2] AndroidManifest.xml:27:17-82
238            <meta-data
238-->[com.google.firebase:firebase-appcheck:17.1.2] AndroidManifest.xml:28:13-30:85
239                android:name="com.google.firebase.components:com.google.firebase.appcheck.FirebaseAppCheckRegistrar"
239-->[com.google.firebase:firebase-appcheck:17.1.2] AndroidManifest.xml:29:17-117
240                android:value="com.google.firebase.components.ComponentRegistrar" />
240-->[com.google.firebase:firebase-appcheck:17.1.2] AndroidManifest.xml:30:17-82
241            <meta-data
241-->[com.google.android.gms:play-services-measurement-api:21.6.2] AndroidManifest.xml:37:13-39:85
242                android:name="com.google.firebase.components:com.google.firebase.analytics.connector.internal.AnalyticsConnectorRegistrar"
242-->[com.google.android.gms:play-services-measurement-api:21.6.2] AndroidManifest.xml:38:17-139
243                android:value="com.google.firebase.components.ComponentRegistrar" />
243-->[com.google.android.gms:play-services-measurement-api:21.6.2] AndroidManifest.xml:39:17-82
244            <meta-data
244-->[com.google.firebase:firebase-installations:17.2.0] AndroidManifest.xml:15:13-17:85
245                android:name="com.google.firebase.components:com.google.firebase.installations.FirebaseInstallationsKtxRegistrar"
245-->[com.google.firebase:firebase-installations:17.2.0] AndroidManifest.xml:16:17-130
246                android:value="com.google.firebase.components.ComponentRegistrar" />
246-->[com.google.firebase:firebase-installations:17.2.0] AndroidManifest.xml:17:17-82
247            <meta-data
247-->[com.google.firebase:firebase-installations:17.2.0] AndroidManifest.xml:18:13-20:85
248                android:name="com.google.firebase.components:com.google.firebase.installations.FirebaseInstallationsRegistrar"
248-->[com.google.firebase:firebase-installations:17.2.0] AndroidManifest.xml:19:17-127
249                android:value="com.google.firebase.components.ComponentRegistrar" />
249-->[com.google.firebase:firebase-installations:17.2.0] AndroidManifest.xml:20:17-82
250            <meta-data
250-->[com.google.firebase:firebase-common-ktx:20.4.3] AndroidManifest.xml:12:13-14:85
251                android:name="com.google.firebase.components:com.google.firebase.ktx.FirebaseCommonLegacyRegistrar"
251-->[com.google.firebase:firebase-common-ktx:20.4.3] AndroidManifest.xml:13:17-116
252                android:value="com.google.firebase.components.ComponentRegistrar" />
252-->[com.google.firebase:firebase-common-ktx:20.4.3] AndroidManifest.xml:14:17-82
253            <meta-data
253-->[com.google.firebase:firebase-common:20.4.3] AndroidManifest.xml:35:13-37:85
254                android:name="com.google.firebase.components:com.google.firebase.FirebaseCommonKtxRegistrar"
254-->[com.google.firebase:firebase-common:20.4.3] AndroidManifest.xml:36:17-109
255                android:value="com.google.firebase.components.ComponentRegistrar" />
255-->[com.google.firebase:firebase-common:20.4.3] AndroidManifest.xml:37:17-82
256            <meta-data
256-->[com.google.firebase:firebase-datatransport:18.1.7] AndroidManifest.xml:27:13-29:85
257                android:name="com.google.firebase.components:com.google.firebase.datatransport.TransportRegistrar"
257-->[com.google.firebase:firebase-datatransport:18.1.7] AndroidManifest.xml:28:17-115
258                android:value="com.google.firebase.components.ComponentRegistrar" />
258-->[com.google.firebase:firebase-datatransport:18.1.7] AndroidManifest.xml:29:17-82
259        </service>
260
261        <receiver